<?xml version="1.0" encoding="UTF-8"?>
<!-- Generated by org.testng.reporters.JUnitReportReporter -->
<testsuite hostname="LIN-HN8Q6Q3" failures="0" tests="1" name="testCases.TC_005_RegistrationWithoutPrivacyPolicyTest" time="2.971" errors="0" timestamp="2025-05-23T12:33:24 IST" skipped="0">
  <testcase classname="testCases.TC_005_RegistrationWithoutPrivacyPolicyTest" name="verify_registration_without_policy" time="2.971"/>
</testsuite> <!-- testCases.TC_005_RegistrationWithoutPrivacyPolicyTest -->
