<?xml version="1.0" encoding="UTF-8"?>
<!-- Generated by org.testng.reporters.JUnitReportReporter -->
<testsuite hostname="LIN-HN8Q6Q3" failures="0" tests="2" name="testCases.TC_002_LoginTest" time="38.963" errors="0" timestamp="2025-05-28T13:06:25 IST" skipped="1">
  <testcase classname="testCases.TC_002_LoginTest" name="verify_login_credentials" time="19.955"/>
  <testcase classname="testCases.TC_002_LoginTest" name="verify_login_credentials" time="19.008">
    <skipped/>
  </testcase> <!-- verify_login_credentials -->
</testsuite> <!-- testCases.TC_002_LoginTest -->
