<?xml version="1.0" encoding="UTF-8"?>
<!-- Generated by org.testng.reporters.JUnitReportReporter -->
<testsuite hostname="LIN-HN8Q6Q3" failures="0" tests="5" name="testCases.TC_003_LoginDDTest" time="27.744" errors="0" timestamp="2025-05-28T13:06:25 IST" skipped="0">
  <testcase classname="testCases.TC_003_LoginDDTest" name="verify_loginData" time="2.207"/>
  <testcase classname="testCases.TC_003_LoginDDTest" name="verify_loginData" time="10.724"/>
  <testcase classname="testCases.TC_003_LoginDDTest" name="verify_loginData" time="1.986"/>
  <testcase classname="testCases.TC_003_LoginDDTest" name="verify_loginData" time="2.109"/>
  <testcase classname="testCases.TC_003_LoginDDTest" name="verify_loginData" time="10.718"/>
</testsuite> <!-- testCases.TC_003_LoginDDTest -->
