<?xml version="1.0" encoding="UTF-8"?>
<!-- Generated by org.testng.reporters.JUnitReportReporter -->
<testsuite hostname="LIN-HN8Q6Q3" failures="0" tests="1" name="testCases.TC_009_AddToCartPageTest" time="6.944" errors="0" timestamp="2025-06-12T13:19:49 IST" skipped="0">
  <testcase classname="testCases.TC_009_AddToCartPageTest" name="verify_addToCart" time="6.944"/>
</testsuite> <!-- testCases.TC_009_AddToCartPageTest -->
