<?xml version="1.0" encoding="UTF-8"?>
<!-- Generated by org.testng.reporters.JUnitReportReporter -->
<testsuite hostname="LIN-HN8Q6Q3" failures="0" tests="1" name="testCases.TC_001_AccountRegistrationPage" time="3.182" errors="0" timestamp="2025-05-21T13:17:03 IST" skipped="0">
  <testcase classname="testCases.TC_001_AccountRegistrationPage" name="verify_account_registration" time="3.182"/>
</testsuite> <!-- testCases.TC_001_AccountRegistrationPage -->
