<?xml version="1.0" encoding="UTF-8"?>
<!-- Generated by org.testng.reporters.JUnitReportReporter -->
<testsuite hostname="LIN-HN8Q6Q3" failures="0" tests="1" name="testCases.TC_005_RegistrationWithoutPrivacyPolicyTest" time="7.785" errors="0" timestamp="2025-05-28T13:06:25 IST" skipped="0">
  <testcase classname="testCases.TC_005_RegistrationWithoutPrivacyPolicyTest" name="verify_registration_without_policy" time="7.785"/>
</testsuite> <!-- testCases.TC_005_RegistrationWithoutPrivacyPolicyTest -->
