<?xml version="1.0" encoding="UTF-8"?>
<!-- Generated by org.testng.reporters.JUnitReportReporter -->
<testsuite hostname="LIN-HN8Q6Q3" failures="0" tests="5" name="testCases.TC_006_RegistrationWithInvalidFields" time="8.094" errors="0" timestamp="2025-05-28T13:06:25 IST" skipped="0">
  <testcase classname="testCases.TC_006_RegistrationWithInvalidFields" name="testInvalidFirstName" time="2.554"/>
  <testcase classname="testCases.TC_006_RegistrationWithInvalidFields" name="testInvalidLastName" time="1.339"/>
  <testcase classname="testCases.TC_006_RegistrationWithInvalidFields" name="testInvalidEmail" time="1.479"/>
  <testcase classname="testCases.TC_006_RegistrationWithInvalidFields" name="testInvalidPassword" time="1.278"/>
  <testcase classname="testCases.TC_006_RegistrationWithInvalidFields" name="testInvalidPhoneNumber" time="1.444"/>
</testsuite> <!-- testCases.TC_006_RegistrationWithInvalidFields -->
