<?xml version="1.0" encoding="UTF-8"?>
<!-- Generated by org.testng.reporters.JUnitReportReporter -->
<testsuite hostname="LIN-HN8Q6Q3" failures="0" tests="1" name="testCases.TC_004_AccountRegistrationWithEmptyFieldsTest" time="1.946" errors="0" timestamp="2025-05-28T13:06:25 IST" skipped="0">
  <testcase classname="testCases.TC_004_AccountRegistrationWithEmptyFieldsTest" name="verify_registration_emptyData" time="1.946"/>
</testsuite> <!-- testCases.TC_004_AccountRegistrationWithEmptyFieldsTest -->
